<?xml version="1.0" encoding="UTF-8"?>
<!-- Generated by org.testng.reporters.JUnitXMLReporter -->
<testsuite ignored="0" hostname="DESKTOP-SBTNFQP" failures="0" tests="3" name="Default test" time="0.203" errors="0" timestamp="2023-10-12T12:58:30 IST">
  <testcase classname="com.app.TDD.demo.TestApplication" name="findapplication" time="0.029"/>
  <testcase classname="com.app.TDD.demo.TestApplication" name="findapplicationEmptyInput" time="0.008"/>
  <testcase classname="com.app.TDD.demo.TestApplication" name="findapplicationInvalidInput" time="0.006"/>
</testsuite> <!-- Default test -->
